<?xml version="1.0" encoding="UTF-8"?>
<!-- Generated by org.testng.reporters.JUnitXMLReporter -->
<testsuite hostname="WIN-LHKDRQMB9BR" ignored="0" tests="12" failures="1" timestamp="2021-09-05T23:13:16 EEST" time="164.711" errors="0">
  <testcase name="checkTheDate" time="20.001" classname="SeleniumEighthTest"/>
  <testcase name="checkTestAppears" time="11.491" classname="SeleniumEleventhTest"/>
  <testcase name="daySelectFriday" time="11.959" classname="SeleniumFifthTest"/>
  <testcase name="SeleniumFirstTest" time="12.707" classname="SeleniumFirstTest"/>
  <testcase name="SeleniumFourthTest" time="11.808" classname="SeleniumFourthTest"/>
  <testcase name="TestNinthSolution" time="9.569" classname="SeleniumNinthTest"/>
  <testcase name="SeleniumFirstTest" time="14.518" classname="SeleniumFirstTest"/>
  <testcase name="SeleniumSecondTest" time="21.589" classname="SeleniumSecondTest"/>
  <testcase name="seven" time="2.455" classname="SeleniumSeventnTest">
    <failure type="java.lang.AssertionError" message="expected [true] but found [false]">
      <![CDATA[java.lang.AssertionError: expected [true] but found [false]
at SeleniumSeventnTest.seven(SeleniumSeventnTest.java:34)
at java.util.ArrayList.forEach(ArrayList.java:1249)
... Removed 41 stack frames]]>
    </failure>
  </testcase> <!-- seven -->
  <testcase name="ModuleCheckOptionsSelected" time="10.793" classname="SeleniumSixthTest"/>
  <testcase name="checkOrangSmiles" time="15.516" classname="SeleniumTenthTest"/>
  <testcase name="SeleniumFirstTest" time="12.848" classname="SeleniumThirdTest"/>
</testsuite>
