<?xml version="1.0" encoding="UTF-8" ?>
<testsuite tests="12" failures="1" name="TestSuite" time="155.26" errors="0" skipped="0">
  <properties>
[...]
</properties>
  <testcase classname="SeleniumEighthTest" name="checkTheDate" time="19.994"/>
  <testcase classname="SeleniumEleventhTest" name="checkTestAppears" time="11.499"/>
  <testcase classname="SeleniumFifthTest" name="daySelectFriday" time="11.95"/>
  <testcase classname="SeleniumFirstTest" name="SeleniumFirstTest" time="12.707"/>
  <testcase classname="SeleniumFourthTest" name="SeleniumFourthTest" time="11.808"/>
  <testcase classname="SeleniumNinthTest" name="TestNinthSolution" time="9.571"/>
  <testcase classname="SeleniumSecondTest" name="SeleniumFirstTest" time="14.523"/>
  <testcase classname="SeleniumSecondTest" name="SeleniumSecondTest" time="21.584"/>
  <testcase classname="SeleniumSeventnTest" name="seven" time="2.491">
    <failure message="expected [true] but found [false]" type="java.lang.AssertionError">java.lang.AssertionError: expected [true] but found [false]
	at org.testng.Assert.fail(Assert.java:99)
	at org.testng.Assert.failNotEquals(Assert.java:1037)
	at org.testng.Assert.assertTrue(Assert.java:45)
	at org.testng.Assert.assertTrue(Assert.java:55)
	at SeleniumSeventnTest.seven(SeleniumSeventnTest.java:34)
</failure>
    <system-out>1px solid rgb(239, 64, 64)
</system-out>
    <system-err>Starting ChromeDriver 92.0.4515.107 (87a818b10553a07434ea9e2b6dccf3cbe7895134-refs/branch-heads/4515@{#1634}) on port 6097
Only local connections are allowed.
Please see https://chromedriver.chromium.org/security-considerations for suggestions on keeping ChromeDriver safe.
ChromeDriver was started successfully.
сен 05, 2021 11:12:27 PM org.openqa.selenium.remote.ProtocolHandshake createSession
INFO: Detected dialect: W3C
</system-err>
  </testcase>
  <testcase classname="SeleniumSixthTest" name="ModuleCheckOptionsSelected" time="10.765"/>
  <testcase classname="SeleniumTenthTest" name="checkOrangSmiles" time="15.52"/>
  <testcase classname="SeleniumThirdTest" name="SeleniumFirstTest" time="12.848"/>
</testsuite>