<?xml version="1.0" encoding="UTF-8"?>
<testng-results skipped="0" failed="1" ignored="0" total="12" passed="11">
  <reporter-output>
  </reporter-output>
  <suite name="Command line suite" duration-ms="164711" started-at="2021-09-05T23:10:31 EEST" finished-at="2021-09-05T23:13:16 EEST">
    <groups>
    </groups>
    <test name="Command line test" duration-ms="164711" started-at="2021-09-05T23:10:31 EEST" finished-at="2021-09-05T23:13:16 EEST">
      <class name="SeleniumNinthTest">
        <test-method status="PASS" signature="TestNinthSolution()[pri:0, instance:SeleniumNinthTest@527740a2]" name="TestNinthSolution" duration-ms="9569" started-at="2021-09-05T23:11:39 EEST" finished-at="2021-09-05T23:11:49 EEST">
          <reporter-output>
          </reporter-output>
        </test-method> <!-- TestNinthSolution -->
      </class> <!-- SeleniumNinthTest -->
      <class name="SeleniumFourthTest">
        <test-method status="PASS" signature="SeleniumFourthTest()[pri:0, instance:SeleniumFourthTest@6d7b4f4c]" name="SeleniumFourthTest" duration-ms="11808" started-at="2021-09-05T23:11:27 EEST" finished-at="2021-09-05T23:11:39 EEST">
          <reporter-output>
          </reporter-output>
        </test-method> <!-- SeleniumFourthTest -->
      </class> <!-- SeleniumFourthTest -->
      <class name="SeleniumFirstTest">
        <test-method status="PASS" signature="SeleniumFirstTest()[pri:0, instance:SeleniumFirstTest@4e9ba398]" name="SeleniumFirstTest" duration-ms="12707" started-at="2021-09-05T23:11:14 EEST" finished-at="2021-09-05T23:11:27 EEST">
          <reporter-output>
          </reporter-output>
        </test-method> <!-- SeleniumFirstTest -->
      </class> <!-- SeleniumFirstTest -->
      <class name="SeleniumTenthTest">
        <test-method status="PASS" signature="checkOrangSmiles()[pri:0, instance:SeleniumTenthTest@5ae63ade]" name="checkOrangSmiles" duration-ms="15516" started-at="2021-09-05T23:12:47 EEST" finished-at="2021-09-05T23:13:03 EEST">
          <reporter-output>
          </reporter-output>
        </test-method> <!-- checkOrangSmiles -->
      </class> <!-- SeleniumTenthTest -->
      <class name="SeleniumSixthTest">
        <test-method status="PASS" signature="ModuleCheckOptionsSelected()[pri:0, instance:SeleniumSixthTest@3dd4520b]" name="ModuleCheckOptionsSelected" duration-ms="10793" started-at="2021-09-05T23:12:36 EEST" finished-at="2021-09-05T23:12:47 EEST">
          <reporter-output>
          </reporter-output>
        </test-method> <!-- ModuleCheckOptionsSelected -->
      </class> <!-- SeleniumSixthTest -->
      <class name="SeleniumSeventnTest">
        <test-method status="PASS" signature="beforeMethod()[pri:0, instance:SeleniumSeventnTest@63753b6d]" name="beforeMethod" is-config="true" duration-ms="9197" started-at="2021-09-05T23:12:25 EEST" finished-at="2021-09-05T23:12:34 EEST">
          <reporter-output>
          </reporter-output>
        </test-method> <!-- beforeMethod -->
        <test-method status="FAIL" signature="seven()[pri:0, instance:SeleniumSeventnTest@63753b6d]" name="seven" duration-ms="2455" started-at="2021-09-05T23:12:34 EEST" finished-at="2021-09-05T23:12:36 EEST">
          <exception class="java.lang.AssertionError">
            <message>
              <![CDATA[expected [true] but found [false]]]>
            </message>
            <full-stacktrace>
              <![CDATA[java.lang.AssertionError: expected [true] but found [false]
at org.testng.Assert.fail(Assert.java:99)
at org.testng.Assert.failNotEquals(Assert.java:1037)
at org.testng.Assert.assertTrue(Assert.java:45)
at org.testng.Assert.assertTrue(Assert.java:55)
at SeleniumSeventnTest.seven(SeleniumSeventnTest.java:34)
at sun.reflect.NativeMethodAccessorImpl.invoke0(Native Method)
at sun.reflect.NativeMethodAccessorImpl.invoke(NativeMethodAccessorImpl.java:62)
at sun.reflect.DelegatingMethodAccessorImpl.invoke(DelegatingMethodAccessorImpl.java:43)
at java.lang.reflect.Method.invoke(Method.java:498)
at org.testng.internal.MethodInvocationHelper.invokeMethod(MethodInvocationHelper.java:133)
at org.testng.internal.TestInvoker.invokeMethod(TestInvoker.java:598)
at org.testng.internal.TestInvoker.invokeTestMethod(TestInvoker.java:173)
at org.testng.internal.MethodRunner.runInSequence(MethodRunner.java:46)
at org.testng.internal.TestInvoker$MethodInvocationAgent.invoke(TestInvoker.java:824)
at org.testng.internal.TestInvoker.invokeTestMethods(TestInvoker.java:146)
at org.testng.internal.TestMethodWorker.invokeTestMethods(TestMethodWorker.java:146)
at org.testng.internal.TestMethodWorker.run(TestMethodWorker.java:128)
at java.util.ArrayList.forEach(ArrayList.java:1249)
at org.testng.TestRunner.privateRun(TestRunner.java:794)
at org.testng.TestRunner.run(TestRunner.java:596)
at org.testng.SuiteRunner.runTest(SuiteRunner.java:377)
at org.testng.SuiteRunner.runSequentially(SuiteRunner.java:371)
at org.testng.SuiteRunner.privateRun(SuiteRunner.java:332)
at org.testng.SuiteRunner.run(SuiteRunner.java:276)
at org.testng.SuiteRunnerWorker.runSuite(SuiteRunnerWorker.java:53)
at org.testng.SuiteRunnerWorker.run(SuiteRunnerWorker.java:96)
at org.testng.TestNG.runSuitesSequentially(TestNG.java:1212)
at org.testng.TestNG.runSuitesLocally(TestNG.java:1134)
at org.testng.TestNG.runSuites(TestNG.java:1063)
at org.testng.TestNG.run(TestNG.java:1031)
at org.apache.maven.surefire.testng.TestNGExecutor.run(TestNGExecutor.java:77)
at org.apache.maven.surefire.testng.TestNGDirectoryTestSuite.executeMulti(TestNGDirectoryTestSuite.java:159)
at org.apache.maven.surefire.testng.TestNGDirectoryTestSuite.execute(TestNGDirectoryTestSuite.java:99)
at org.apache.maven.surefire.testng.TestNGProvider.invoke(TestNGProvider.java:106)
at sun.reflect.NativeMethodAccessorImpl.invoke0(Native Method)
at sun.reflect.NativeMethodAccessorImpl.invoke(NativeMethodAccessorImpl.java:62)
at sun.reflect.DelegatingMethodAccessorImpl.invoke(DelegatingMethodAccessorImpl.java:43)
at java.lang.reflect.Method.invoke(Method.java:498)
at org.apache.maven.surefire.util.ReflectionUtils.invokeMethodWithArray(ReflectionUtils.java:189)
at org.apache.maven.surefire.booter.ProviderFactory$ProviderProxy.invoke(ProviderFactory.java:165)
at org.apache.maven.surefire.booter.ProviderFactory.invokeProvider(ProviderFactory.java:85)
at org.apache.maven.surefire.booter.ForkedBooter.runSuitesInProcess(ForkedBooter.java:115)
at org.apache.maven.surefire.booter.ForkedBooter.main(ForkedBooter.java:75)
]]>
            </full-stacktrace>
          </exception> <!-- java.lang.AssertionError -->
          <reporter-output>
          </reporter-output>
        </test-method> <!-- seven -->
      </class> <!-- SeleniumSeventnTest -->
      <class name="SeleniumEleventhTest">
        <test-method status="PASS" signature="checkTestAppears()[pri:0, instance:SeleniumEleventhTest@5abca1e0]" name="checkTestAppears" duration-ms="11491" started-at="2021-09-05T23:10:51 EEST" finished-at="2021-09-05T23:11:03 EEST">
          <reporter-output>
          </reporter-output>
        </test-method> <!-- checkTestAppears -->
      </class> <!-- SeleniumEleventhTest -->
      <class name="SeleniumThirdTest">
        <test-method status="PASS" signature="SeleniumFirstTest()[pri:0, instance:SeleniumThirdTest@610694f1]" name="SeleniumFirstTest" duration-ms="12848" started-at="2021-09-05T23:13:03 EEST" finished-at="2021-09-05T23:13:16 EEST">
          <reporter-output>
          </reporter-output>
        </test-method> <!-- SeleniumFirstTest -->
      </class> <!-- SeleniumThirdTest -->
      <class name="SeleniumFifthTest">
        <test-method status="PASS" signature="daySelectFriday()[pri:0, instance:SeleniumFifthTest@2286778]" name="daySelectFriday" duration-ms="11959" started-at="2021-09-05T23:11:03 EEST" finished-at="2021-09-05T23:11:14 EEST">
          <reporter-output>
          </reporter-output>
        </test-method> <!-- daySelectFriday -->
      </class> <!-- SeleniumFifthTest -->
      <class name="SeleniumEighthTest">
        <test-method status="PASS" signature="checkTheDate()[pri:0, instance:SeleniumEighthTest@4e1d422d]" name="checkTheDate" duration-ms="20001" started-at="2021-09-05T23:10:31 EEST" finished-at="2021-09-05T23:10:51 EEST">
          <reporter-output>
          </reporter-output>
        </test-method> <!-- checkTheDate -->
      </class> <!-- SeleniumEighthTest -->
      <class name="SeleniumSecondTest">
        <test-method status="PASS" signature="SeleniumFirstTest()[pri:0, instance:SeleniumSecondTest@3108bc]" name="SeleniumFirstTest" duration-ms="14518" started-at="2021-09-05T23:11:49 EEST" finished-at="2021-09-05T23:12:03 EEST">
          <reporter-output>
          </reporter-output>
        </test-method> <!-- SeleniumFirstTest -->
        <test-method status="PASS" signature="SeleniumSecondTest()[pri:0, instance:SeleniumSecondTest@3108bc]" name="SeleniumSecondTest" duration-ms="21589" started-at="2021-09-05T23:12:03 EEST" finished-at="2021-09-05T23:12:25 EEST">
          <reporter-output>
          </reporter-output>
        </test-method> <!-- SeleniumSecondTest -->
      </class> <!-- SeleniumSecondTest -->
    </test> <!-- Command line test -->
  </suite> <!-- Command line suite -->
</testng-results>
